<?xml version="1.0" encoding="UTF-8"?>
<!-- Generated by org.testng.reporters.JUnitReportReporter -->
<testsuite hostname="mukesh-Latitude-3410" failures="0" tests="1" name="lamdaDemo.LaunchBrowser" time="8.720" errors="0" timestamp="2024-07-27T18:11:58 IST" skipped="0">
  <testcase classname="lamdaDemo.LaunchBrowser" name="myTest" time="8.720"/>
  <system-out/>
</testsuite> <!-- lamdaDemo.LaunchBrowser -->
